[2025-12-07 17:33:11,850] Macintosh/INFO/locust.main: Starting Locust 2.41.6
[2025-12-07 17:33:11,870] Macintosh/INFO/locust.main: Starting web interface at http://0.0.0.0:8089, press enter to open your default browser.
[2025-12-07 22:55:08,949] Macintosh/INFO/locust.main: Got SIGTERM signal
[2025-12-07 22:55:08,957] Macintosh/INFO/locust.main: Shutting down (exit code 0)
Type     Name                                                                          # reqs      # fails |    Avg     Min     Max    Med |   req/s  failures/s
--------|----------------------------------------------------------------------------|-------|-------------|-------|-------|-------|-------|--------|-----------
--------|----------------------------------------------------------------------------|-------|-------------|-------|-------|-------|-------|--------|-----------
         Aggregated                                                                         0     0(0.00%) |      0       0       0      0 |    0.00        0.00

Response time percentiles (approximated)
Type     Name                                                                                  50%    66%    75%    80%    90%    95%    98%    99%  99.9% 99.99%   100% # reqs
--------|--------------------------------------------------------------------------------|--------|------|------|------|------|------|------|------|------|------|------|------
--------|--------------------------------------------------------------------------------|--------|------|------|------|------|------|------|------|------|------|------|------


================================================================================
✅ Locust load test completed!
================================================================================

📊 Overall Statistics:
  - Total requests: 0
  - Failures: 0
  - Failure rate: 0.00%
  - Average response time: 0.00 ms
  - Median response time: 0.00 ms
  - P95 response time: 0.00 ms
  - P99 response time: 0.00 ms
  - QPS: 0.00
  - Total throughput: 0.00 MB

🎯 Coupon Grab Statistics:
  - Successful grabs: 0
  - Failed grabs: 0

📋 Detailed Statistics by Endpoint:

================================================================================
Test time: 2025-12-07 22:55:09
================================================================================

